0 info it worked if it ends with ok
1 verbose cli [ 'C:\\Program Files\\nodejs\\node.exe',
1 verbose cli   'C:\\Program Files\\nodejs\\node_modules\\npm\\bin\\npm-cli.js',
1 verbose cli   'start' ]
2 info using npm@3.10.10
3 info using node@v6.9.4
4 verbose run-script [ 'prestart', 'start', 'poststart' ]
5 info lifecycle react-redux-template@1.0.0~prestart: react-redux-template@1.0.0
6 silly lifecycle react-redux-template@1.0.0~prestart: no script for prestart, continuing
7 info lifecycle react-redux-template@1.0.0~start: react-redux-template@1.0.0
8 verbose lifecycle react-redux-template@1.0.0~start: unsafe-perm in lifecycle true
9 verbose lifecycle react-redux-template@1.0.0~start: PATH: C:\Program Files\nodejs\node_modules\npm\bin\node-gyp-bin;D:\React\React-Redux\node_modules\.bin;D:\DevSuiteHome_2\jdk\jre\bin\classic;D:\DevSuiteHome_2\jdk\jre\bin;D:\DevSuiteHome_2\jdk\jre\bin\client;D:\DevSuiteHome_2\jlib;D:\DevSuiteHome_2\bin;D:\DevSuiteHome_2\jre\1.4.2\bin\client;D:\DevSuiteHome_2\jre\1.4.2\bin;D:\app\12cdb\product\12.1.0\dbhome_1\bin;D:\DevSuiteHome_1\jdk\jre\bin\classic;D:\DevSuiteHome_1\jdk\jre\bin;D:\DevSuiteHome_1\jdk\jre\bin\client;D:\DevSuiteHome_1\jlib;D:\DevSuiteHome_1\bin;D:\DevSuiteHome_1\jre\1.4.2\bin\client;D:\DevSuiteHome_1\jre\1.4.2\bin;C:\Program Files\Dell\DW WLAN Card;C:\Windows\system32;C:\Windows;C:\Windows\System32\Wbem;C:\Windows\System32\WindowsPowerShell\v1.0\;C:\Program Files\Git\cmd;D:\xampp\php;C:\ProgramData\ComposerSetup\bin;C:\Windows\system32\config\systemprofile\.dnx\bin;C:\Program Files\Microsoft DNX\Dnvm\;C:\ProgramData\chocolatey\bin;C:\Program Files\Java\jdk1.8.0_112\bin;C:\Program Files (x86)\Skype\Phone\;C:\Program Files\Anaconda3;C:\Program Files\Anaconda3\Scripts;C:\Program Files\Anaconda3\Library\bin;C:\Program Files\nodejs\;C:\Program Files (x86)\Microsoft VS Code\bin;C:\Users\taha\AppData\Roaming\Composer\vendor\bin;C:\Users\taha\AppData\Roaming\npm
10 verbose lifecycle react-redux-template@1.0.0~start: CWD: D:\React\React-Redux
11 silly lifecycle react-redux-template@1.0.0~start: Args: [ '/d /s /c', 'webpack-dev-server' ]
12 silly lifecycle react-redux-template@1.0.0~start: Returned: code: 3221225786  signal: null
13 info lifecycle react-redux-template@1.0.0~start: Failed to exec start script
14 verbose stack Error: react-redux-template@1.0.0 start: `webpack-dev-server`
14 verbose stack Exit status 3221225786
14 verbose stack     at EventEmitter.<anonymous> (C:\Program Files\nodejs\node_modules\npm\lib\utils\lifecycle.js:255:16)
14 verbose stack     at emitTwo (events.js:106:13)
14 verbose stack     at EventEmitter.emit (events.js:191:7)
14 verbose stack     at ChildProcess.<anonymous> (C:\Program Files\nodejs\node_modules\npm\lib\utils\spawn.js:40:14)
14 verbose stack     at emitTwo (events.js:106:13)
14 verbose stack     at ChildProcess.emit (events.js:191:7)
14 verbose stack     at maybeClose (internal/child_process.js:877:16)
14 verbose stack     at Process.ChildProcess._handle.onexit (internal/child_process.js:226:5)
15 verbose pkgid react-redux-template@1.0.0
16 verbose cwd D:\React\React-Redux
17 error Windows_NT 6.1.7601
18 error argv "C:\\Program Files\\nodejs\\node.exe" "C:\\Program Files\\nodejs\\node_modules\\npm\\bin\\npm-cli.js" "start"
19 error node v6.9.4
20 error npm  v3.10.10
21 error code ELIFECYCLE
22 error react-redux-template@1.0.0 start: `webpack-dev-server`
22 error Exit status 3221225786
23 error Failed at the react-redux-template@1.0.0 start script 'webpack-dev-server'.
23 error Make sure you have the latest version of node.js and npm installed.
23 error If you do, this is most likely a problem with the react-redux-template package,
23 error not with npm itself.
23 error Tell the author that this fails on your system:
23 error     webpack-dev-server
23 error You can get information on how to open an issue for this project with:
23 error     npm bugs react-redux-template
23 error Or if that isn't available, you can get their info via:
23 error     npm owner ls react-redux-template
23 error There is likely additional logging output above.
24 verbose exit [ 1, true ]
